2017/11/05 16:10:01 &{ludenus wallpaper 300 3600 100}
2017/11/05 16:10:01 version.go:28: &{master 23c7b8c963a3ee9bb0e48c4c14e8189636645eeb}
2017/11/05 16:10:01 main.go:70: github_url():https://github.com/ludenus/wallpaper/tree/23c7b8c963a3ee9bb0e48c4c14e8189636645eeb

(wallpaper:7647): LIBDBUSMENU-GLIB-WARNING **: About to Show called on an item wihtout submenus.  We're ignoring it.
2017/11/05 16:10:01 version.go:28: &{master 23c7b8c963a3ee9bb0e48c4c14e8189636645eeb}
2017/11/05 16:10:01 util.go:29: reading from: /home/asusrog/.wallpaper/images/1k5Qq4YQM0g.json
2017/11/05 16:10:01 util.go:29: reading from: /home/asusrog/.wallpaper/images/1k5Qq4YQM0g.jpg
2017/11/05 16:10:01 util.go:29: reading from: /home/asusrog/.wallpaper/images/1k5Qq4YQM0g.json
2017/11/05 16:10:01 util.go:52: /usr/bin/gsettings
2017/11/05 16:10:01 util.go:53: [set org.gnome.desktop.background picture-uri file:///home/asusrog/.wallpaper/images/1k5Qq4YQM0g.jpg]

2017/11/05 16:10:01 util.go:52: /usr/bin/gsettings
2017/11/05 16:10:01 util.go:53: [set org.gnome.desktop.background picture-options spanned]

2017/11/05 16:10:02 unsplash_client.go:56: X-Ratelimit-Remaining:49
2017/11/05 16:10:03 unsplash_client.go:56: X-Ratelimit-Remaining:48
2017/11/05 16:10:04 unsplash_client.go:56: X-Ratelimit-Remaining:47
2017/11/05 16:10:05 unsplash_client.go:56: X-Ratelimit-Remaining:46
2017/11/05 16:10:05 unsplash_client.go:56: X-Ratelimit-Remaining:45
2017/11/05 16:10:06 unsplash_client.go:56: X-Ratelimit-Remaining:44
2017/11/05 16:10:06 unsplash_client.go:56: X-Ratelimit-Remaining:43
2017/11/05 16:10:08 util.go:29: reading from: /home/asusrog/.wallpaper/images/cXU6tNxhub0.json
2017/11/05 16:10:08 util.go:52: /usr/bin/gsettings
2017/11/05 16:10:08 util.go:53: [set org.gnome.desktop.background picture-uri file:///home/asusrog/.wallpaper/images/cXU6tNxhub0.jpg]

2017/11/05 16:10:08 util.go:52: /usr/bin/gsettings
2017/11/05 16:10:08 util.go:53: [set org.gnome.desktop.background picture-options spanned]

2017/11/05 16:10:09 util.go:29: reading from: /home/asusrog/.wallpaper/images/s20nA2KB1N4.json
2017/11/05 16:10:09 util.go:52: /usr/bin/gsettings
2017/11/05 16:10:09 util.go:53: [set org.gnome.desktop.background picture-uri file:///home/asusrog/.wallpaper/images/s20nA2KB1N4.jpg]

2017/11/05 16:10:09 util.go:52: /usr/bin/gsettings
2017/11/05 16:10:09 util.go:53: [set org.gnome.desktop.background picture-options spanned]

2017/11/05 16:10:13 util.go:29: reading from: /home/asusrog/.wallpaper/images/x-GCa1cZZt4.json
2017/11/05 16:10:13 util.go:52: /usr/bin/gsettings
2017/11/05 16:10:13 util.go:53: [set org.gnome.desktop.background picture-uri file:///home/asusrog/.wallpaper/images/x-GCa1cZZt4.jpg]

2017/11/05 16:10:13 util.go:52: /usr/bin/gsettings
2017/11/05 16:10:13 util.go:53: [set org.gnome.desktop.background picture-options spanned]

2017/11/05 16:10:15 util.go:29: reading from: /home/asusrog/.wallpaper/images/YcjuitSsPIw.json
2017/11/05 16:10:15 util.go:52: /usr/bin/gsettings
2017/11/05 16:10:15 util.go:53: [set org.gnome.desktop.background picture-uri file:///home/asusrog/.wallpaper/images/YcjuitSsPIw.jpg]

2017/11/05 16:10:15 util.go:52: /usr/bin/gsettings
2017/11/05 16:10:15 util.go:53: [set org.gnome.desktop.background picture-options spanned]

2017/11/05 16:10:18 util.go:29: reading from: /home/asusrog/.wallpaper/images/7IAOJehMof4.json
2017/11/05 16:10:18 util.go:52: /usr/bin/gsettings
2017/11/05 16:10:18 util.go:53: [set org.gnome.desktop.background picture-uri file:///home/asusrog/.wallpaper/images/7IAOJehMof4.jpg]

2017/11/05 16:10:18 util.go:52: /usr/bin/gsettings
2017/11/05 16:10:18 util.go:53: [set org.gnome.desktop.background picture-options spanned]

2017/11/05 16:10:20 util.go:29: reading from: /home/asusrog/.wallpaper/images/NBvcQRdRSeQ.json
2017/11/05 16:10:20 util.go:52: /usr/bin/gsettings
2017/11/05 16:10:20 util.go:53: [set org.gnome.desktop.background picture-uri file:///home/asusrog/.wallpaper/images/NBvcQRdRSeQ.jpg]

2017/11/05 16:10:20 util.go:52: /usr/bin/gsettings
2017/11/05 16:10:20 util.go:53: [set org.gnome.desktop.background picture-options spanned]

2017/11/05 16:15:01 util.go:29: reading from: /home/asusrog/.wallpaper/images/vpHCfunwDrQ.json
2017/11/05 16:15:01 util.go:29: reading from: /home/asusrog/.wallpaper/images/vpHCfunwDrQ.jpg
2017/11/05 16:15:01 util.go:29: reading from: /home/asusrog/.wallpaper/images/vpHCfunwDrQ.json
2017/11/05 16:15:01 util.go:52: /usr/bin/gsettings
2017/11/05 16:15:01 util.go:53: [set org.gnome.desktop.background picture-uri file:///home/asusrog/.wallpaper/images/vpHCfunwDrQ.jpg]

2017/11/05 16:15:01 util.go:52: /usr/bin/gsettings
2017/11/05 16:15:01 util.go:53: [set org.gnome.desktop.background picture-options spanned]

2017/11/05 16:20:01 util.go:29: reading from: /home/asusrog/.wallpaper/images/xgTMSz6kegE.json
2017/11/05 16:20:01 util.go:29: reading from: /home/asusrog/.wallpaper/images/xgTMSz6kegE.jpg
2017/11/05 16:20:01 util.go:29: reading from: /home/asusrog/.wallpaper/images/xgTMSz6kegE.json
2017/11/05 16:20:01 util.go:52: /usr/bin/gsettings
2017/11/05 16:20:01 util.go:53: [set org.gnome.desktop.background picture-uri file:///home/asusrog/.wallpaper/images/xgTMSz6kegE.jpg]

2017/11/05 16:20:01 util.go:52: /usr/bin/gsettings
2017/11/05 16:20:01 util.go:53: [set org.gnome.desktop.background picture-options spanned]

2017/11/05 16:25:01 util.go:29: reading from: /home/asusrog/.wallpaper/images/1k5Qq4YQM0g.json
2017/11/05 16:25:01 util.go:29: reading from: /home/asusrog/.wallpaper/images/1k5Qq4YQM0g.jpg
2017/11/05 16:25:01 util.go:29: reading from: /home/asusrog/.wallpaper/images/1k5Qq4YQM0g.json
2017/11/05 16:25:01 util.go:52: /usr/bin/gsettings
2017/11/05 16:25:01 util.go:53: [set org.gnome.desktop.background picture-uri file:///home/asusrog/.wallpaper/images/1k5Qq4YQM0g.jpg]

2017/11/05 16:25:01 util.go:52: /usr/bin/gsettings
2017/11/05 16:25:01 util.go:53: [set org.gnome.desktop.background picture-options spanned]

2017/11/05 16:30:01 util.go:29: reading from: /home/asusrog/.wallpaper/images/01Qqkfz-ck8.json
2017/11/05 16:30:01 util.go:29: reading from: /home/asusrog/.wallpaper/images/01Qqkfz-ck8.jpg
2017/11/05 16:30:01 util.go:29: reading from: /home/asusrog/.wallpaper/images/01Qqkfz-ck8.json
2017/11/05 16:30:01 util.go:52: /usr/bin/gsettings
2017/11/05 16:30:01 util.go:53: [set org.gnome.desktop.background picture-uri file:///home/asusrog/.wallpaper/images/01Qqkfz-ck8.jpg]

2017/11/05 16:30:01 util.go:52: /usr/bin/gsettings
2017/11/05 16:30:01 util.go:53: [set org.gnome.desktop.background picture-options spanned]

2017/11/05 16:35:01 util.go:29: reading from: /home/asusrog/.wallpaper/images/fpMO_P1GPHA.json
2017/11/05 16:35:01 util.go:29: reading from: /home/asusrog/.wallpaper/images/fpMO_P1GPHA.jpg
2017/11/05 16:35:01 util.go:29: reading from: /home/asusrog/.wallpaper/images/fpMO_P1GPHA.json
2017/11/05 16:35:01 util.go:52: /usr/bin/gsettings
2017/11/05 16:35:01 util.go:53: [set org.gnome.desktop.background picture-uri file:///home/asusrog/.wallpaper/images/fpMO_P1GPHA.jpg]

2017/11/05 16:35:01 util.go:52: /usr/bin/gsettings
2017/11/05 16:35:01 util.go:53: [set org.gnome.desktop.background picture-options spanned]

2017/11/05 16:40:01 util.go:29: reading from: /home/asusrog/.wallpaper/images/Ye_eJGZz4eg.json
2017/11/05 16:40:01 util.go:29: reading from: /home/asusrog/.wallpaper/images/Ye_eJGZz4eg.jpg
2017/11/05 16:40:01 util.go:29: reading from: /home/asusrog/.wallpaper/images/Ye_eJGZz4eg.json
2017/11/05 16:40:01 util.go:52: /usr/bin/gsettings
2017/11/05 16:40:01 util.go:53: [set org.gnome.desktop.background picture-uri file:///home/asusrog/.wallpaper/images/Ye_eJGZz4eg.jpg]

2017/11/05 16:40:01 util.go:52: /usr/bin/gsettings
2017/11/05 16:40:01 util.go:53: [set org.gnome.desktop.background picture-options spanned]

2017/11/05 16:45:01 util.go:29: reading from: /home/asusrog/.wallpaper/images/O4MHLhv_Mc0.json
2017/11/05 16:45:01 util.go:29: reading from: /home/asusrog/.wallpaper/images/O4MHLhv_Mc0.jpg
2017/11/05 16:45:01 util.go:29: reading from: /home/asusrog/.wallpaper/images/O4MHLhv_Mc0.json
2017/11/05 16:45:01 util.go:52: /usr/bin/gsettings
2017/11/05 16:45:01 util.go:53: [set org.gnome.desktop.background picture-uri file:///home/asusrog/.wallpaper/images/O4MHLhv_Mc0.jpg]

2017/11/05 16:45:01 util.go:52: /usr/bin/gsettings
2017/11/05 16:45:01 util.go:53: [set org.gnome.desktop.background picture-options spanned]

2017/11/05 20:46:14 &{ludenus wallpaper 300 3600 100 12345}
2017/11/05 20:46:14 version.go:28: &{master 23c7b8c963a3ee9bb0e48c4c14e8189636645eeb}
2017/11/05 20:46:14 main.go:70: github_url():https://github.com/ludenus/wallpaper/tree/23c7b8c963a3ee9bb0e48c4c14e8189636645eeb

(wallpaper:16088): LIBDBUSMENU-GLIB-WARNING **: About to Show called on an item wihtout submenus.  We're ignoring it.
2017/11/05 20:46:14 version.go:28: &{master 23c7b8c963a3ee9bb0e48c4c14e8189636645eeb}
2017/11/05 20:46:14 util.go:29: reading from: /home/asusrog/.wallpaper/images/cB1MYAiClHY.json
2017/11/05 20:46:14 util.go:29: reading from: /home/asusrog/.wallpaper/images/cB1MYAiClHY.jpg
2017/11/05 20:46:14 util.go:29: reading from: /home/asusrog/.wallpaper/images/cB1MYAiClHY.json
2017/11/05 20:46:14 util.go:52: /usr/bin/gsettings
2017/11/05 20:46:14 util.go:53: [set org.gnome.desktop.background picture-uri file:///home/asusrog/.wallpaper/images/cB1MYAiClHY.jpg]

2017/11/05 20:46:14 util.go:52: /usr/bin/gsettings
2017/11/05 20:46:14 util.go:53: [set org.gnome.desktop.background picture-options stretched]

2017/11/05 20:46:15 unsplash_client.go:56: X-Ratelimit-Remaining:42
2017/11/05 20:46:15 unsplash_client.go:56: X-Ratelimit-Remaining:41
2017/11/05 20:46:16 unsplash_client.go:56: X-Ratelimit-Remaining:40
2017/11/05 20:46:17 unsplash_client.go:56: X-Ratelimit-Remaining:39
2017/11/05 20:46:18 unsplash_client.go:56: X-Ratelimit-Remaining:38
2017/11/05 20:46:18 unsplash_client.go:56: X-Ratelimit-Remaining:37
2017/11/05 20:46:19 unsplash_client.go:56: X-Ratelimit-Remaining:36
2017/11/05 20:47:53 util.go:29: reading from: /home/asusrog/.wallpaper/images/-HkuuUSY1pE.json
2017/11/05 20:47:53 util.go:29: reading from: /home/asusrog/.wallpaper/images/-HkuuUSY1pE.jpg
2017/11/05 20:47:53 util.go:29: reading from: /home/asusrog/.wallpaper/images/-HkuuUSY1pE.json
2017/11/05 20:47:53 util.go:52: /usr/bin/gsettings
2017/11/05 20:47:53 util.go:53: [set org.gnome.desktop.background picture-uri file:///home/asusrog/.wallpaper/images/-HkuuUSY1pE.jpg]

2017/11/05 20:47:53 util.go:52: /usr/bin/gsettings
2017/11/05 20:47:53 util.go:53: [set org.gnome.desktop.background picture-options stretched]

